  Boyer-Moore.cpp
C:\Users\user\Documents\GitHub\HW\Chukhlov_homework\Chukhlov_homework\Boyer-Moore.cpp(8,20): warning C4267: 'initializing': conversion from 'size_t' to 'int', possible loss of data
C:\Users\user\Documents\GitHub\HW\Chukhlov_homework\Chukhlov_homework\Boyer-Moore.cpp(37,30): warning C4267: 'initializing': conversion from 'size_t' to 'int', possible loss of data
C:\Users\user\Documents\GitHub\HW\Chukhlov_homework\Chukhlov_homework\Boyer-Moore.cpp(37,56): warning C4267: 'initializing': conversion from 'size_t' to 'int', possible loss of data
C:\Users\user\Documents\GitHub\HW\Chukhlov_homework\Chukhlov_homework\Boyer-Moore.cpp(65,45): warning C4267: '=': conversion from 'size_t' to 'int', possible loss of data
  KMP.cpp
C:\Users\user\Documents\GitHub\HW\Chukhlov_homework\Chukhlov_homework\KMP.cpp(11,11): warning C4267: 'initializing': conversion from 'size_t' to 'int', possible loss of data
C:\Users\user\Documents\GitHub\HW\Chukhlov_homework\Chukhlov_homework\KMP.cpp(32,11): warning C4267: 'initializing': conversion from 'size_t' to 'int', possible loss of data
C:\Users\user\Documents\GitHub\HW\Chukhlov_homework\Chukhlov_homework\KMP.cpp(33,11): warning C4267: 'initializing': conversion from 'size_t' to 'int', possible loss of data
  Naive & Design.cpp
C:\Users\user\Documents\GitHub\HW\Chukhlov_homework\Chukhlov_homework\Naive & Design.cpp(28,11): warning C4267: 'initializing': conversion from 'size_t' to 'int', possible loss of data
C:\Users\user\Documents\GitHub\HW\Chukhlov_homework\Chukhlov_homework\Naive & Design.cpp(29,11): warning C4267: 'initializing': conversion from 'size_t' to 'int', possible loss of data
  Rabin-Karp.cpp
C:\Users\user\Documents\GitHub\HW\Chukhlov_homework\Chukhlov_homework\Rabin-Karp.cpp(11,11): warning C4267: 'initializing': conversion from 'size_t' to 'int', possible loss of data
C:\Users\user\Documents\GitHub\HW\Chukhlov_homework\Chukhlov_homework\Rabin-Karp.cpp(12,11): warning C4267: 'initializing': conversion from 'size_t' to 'int', possible loss of data
  Shift-Or.cpp
C:\Users\user\Documents\GitHub\HW\Chukhlov_homework\Chukhlov_homework\Shift-Or.cpp(64,20): warning C4267: 'initializing': conversion from 'size_t' to 'unsigned int', possible loss of data
C:\Users\user\Documents\GitHub\HW\Chukhlov_homework\Chukhlov_homework\Shift-Or.cpp(65,20): warning C4267: 'initializing': conversion from 'size_t' to 'unsigned int', possible loss of data
  main.cpp
  Generating code
  Previous IPDB not found, fall back to full compilation.
C:\Users\user\Documents\GitHub\HW\Chukhlov_homework\Chukhlov_homework\Boyer-Moore.cpp(74): warning C4715: 'BW': not all control paths return a value
  All 179 functions were compiled because no usable IPDB/IOBJ from previous compilation was found.
  Finished generating code
  String_Search_Algos.vcxproj -> C:\Users\user\Documents\GitHub\HW\String_Search_Algos\x64\Release\String_Search_Algos.exe
